[0.463s] Invoking command in '/home/rann/projects/ROS2-Serving-Robot/build/cafe_serving_robot': PYTHONPATH=/home/rann/projects/ROS2-Serving-Robot/build/cafe_serving_robot/prefix_override:/usr/lib/python3/dist-packages/colcon_core/task/python/colcon_distutils_commands:/home/rann/projects/ROS2-Serving-Robot/install/cafe_serving_robot/lib/python3.10/site-packages:${PYTHONPATH} /usr/bin/python3 -W ignore:setup.py install is deprecated -W ignore:easy_install command is deprecated setup.py develop --editable --build-directory /home/rann/projects/ROS2-Serving-Robot/build/cafe_serving_robot/build --no-deps symlink_data
[0.635s] running develop
[0.740s] running egg_info
[0.741s] creating cafe_serving_robot.egg-info
[0.741s] writing cafe_serving_robot.egg-info/PKG-INFO
[0.741s] writing dependency_links to cafe_serving_robot.egg-info/dependency_links.txt
[0.741s] writing entry points to cafe_serving_robot.egg-info/entry_points.txt
[0.741s] writing requirements to cafe_serving_robot.egg-info/requires.txt
[0.741s] writing top-level names to cafe_serving_robot.egg-info/top_level.txt
[0.741s] writing manifest file 'cafe_serving_robot.egg-info/SOURCES.txt'
[0.743s] reading manifest file 'cafe_serving_robot.egg-info/SOURCES.txt'
[0.743s] writing manifest file 'cafe_serving_robot.egg-info/SOURCES.txt'
[0.744s] running build_ext
[0.744s] Creating /home/rann/projects/ROS2-Serving-Robot/install/cafe_serving_robot/lib/python3.10/site-packages/cafe-serving-robot.egg-link (link to .)
[0.745s] Installing serving_robot script to /home/rann/projects/ROS2-Serving-Robot/install/cafe_serving_robot/lib/cafe_serving_robot
[0.745s] 
[0.745s] Installed /home/rann/projects/ROS2-Serving-Robot/build/cafe_serving_robot
[0.745s] running symlink_data
[0.745s] creating /home/rann/projects/ROS2-Serving-Robot/install/cafe_serving_robot/share/ament_index
[0.745s] creating /home/rann/projects/ROS2-Serving-Robot/install/cafe_serving_robot/share/ament_index/resource_index
[0.745s] creating /home/rann/projects/ROS2-Serving-Robot/install/cafe_serving_robot/share/ament_index/resource_index/packages
[0.745s] symbolically linking /home/rann/projects/ROS2-Serving-Robot/build/cafe_serving_robot/resource/cafe_serving_robot -> /home/rann/projects/ROS2-Serving-Robot/install/cafe_serving_robot/share/ament_index/resource_index/packages
[0.745s] symbolically linking /home/rann/projects/ROS2-Serving-Robot/build/cafe_serving_robot/package.xml -> /home/rann/projects/ROS2-Serving-Robot/install/cafe_serving_robot/share/cafe_serving_robot
[0.767s] Invoked command in '/home/rann/projects/ROS2-Serving-Robot/build/cafe_serving_robot' returned '0': PYTHONPATH=/home/rann/projects/ROS2-Serving-Robot/build/cafe_serving_robot/prefix_override:/usr/lib/python3/dist-packages/colcon_core/task/python/colcon_distutils_commands:/home/rann/projects/ROS2-Serving-Robot/install/cafe_serving_robot/lib/python3.10/site-packages:${PYTHONPATH} /usr/bin/python3 -W ignore:setup.py install is deprecated -W ignore:easy_install command is deprecated setup.py develop --editable --build-directory /home/rann/projects/ROS2-Serving-Robot/build/cafe_serving_robot/build --no-deps symlink_data
